<?xml version="1.0" encoding="UTF-8"?>
<!-- Generated by org.testng.reporters.JUnitXMLReporter -->
<testsuite ignored="0" hostname="X-C02YQEZCLVCF" failures="0" tests="2" name="emo" time="6.007" errors="0" timestamp="2022-06-08T23:54:04 IST">
  <testcase classname="com.swaglabs.tests.testAddItemsToCartAndVerify" name="validateAddingProductsToCart" time="0.697"/>
  <testcase classname="com.swaglabs.tests.testAddItemsToCartAndVerify" name="validateAddingProductsToCart" time="0.465"/>
</testsuite> <!-- emo -->
