<?xml version="1.0" encoding="UTF-8"?>
<!-- Generated by org.testng.reporters.JUnitXMLReporter -->
<testsuite ignored="0" hostname="X-C02YQEZCLVCF" failures="0" tests="2" name="saucedemo test Price Sorting" time="3.868" errors="0" timestamp="2022-06-09T12:09:04 IST">
  <testcase classname="com.swaglabs.tests.testFiltersOnShoppingList" name="validateSortByPriceHighToLow" time="0.878"/>
  <testcase classname="com.swaglabs.tests.testFiltersOnShoppingList" name="validateSortByPriceLowToHigh" time="0.752"/>
</testsuite> <!-- saucedemo test Price Sorting -->
