<?xml version="1.0" encoding="UTF-8"?>
<!-- Generated by org.testng.reporters.JUnitXMLReporter -->
<testsuite ignored="0" hostname="X-C02YQEZCLVCF" failures="0" tests="2" name="saucedemo test" time="5.403" errors="0" timestamp="2022-06-09T12:09:00 IST">
  <testcase classname="com.swaglabs.tests.testAddItemsToCartAndVerify" name="validateAdd_RemoveProductsInCart" time="0.716"/>
  <testcase classname="com.swaglabs.tests.testAddItemsToCartAndVerify" name="validateAdd_RemoveProductsInCart" time="0.587"/>
</testsuite> <!-- saucedemo test -->
